<?xml version="1.0" encoding="UTF-8" ?>
<testsuite tests="10" failures="0" name="pt.ulisboa.tecnico.learnjava.bank.account.WithdrawMethodTest" time="0" errors="0" skipped="0">
  <properties>
[...]
</properties>
  <testcase classname="pt.ulisboa.tecnico.learnjava.bank.account.WithdrawMethodTest" name="amountNotEqualToBalanceInSavingsAccount" time="0"/>
  <testcase classname="pt.ulisboa.tecnico.learnjava.bank.account.WithdrawMethodTest" name="successForSavingsAccount" time="0"/>
  <testcase classname="pt.ulisboa.tecnico.learnjava.bank.account.WithdrawMethodTest" name="negativeAmountForSavingsAccount" time="0"/>
  <testcase classname="pt.ulisboa.tecnico.learnjava.bank.account.WithdrawMethodTest" name="negativeAmountForSalaryAccount" time="0"/>
  <testcase classname="pt.ulisboa.tecnico.learnjava.bank.account.WithdrawMethodTest" name="notEnoughBalanceForCheckingAccount" time="0"/>
  <testcase classname="pt.ulisboa.tecnico.learnjava.bank.account.WithdrawMethodTest" name="noWithdrawForYoung" time="0"/>
  <testcase classname="pt.ulisboa.tecnico.learnjava.bank.account.WithdrawMethodTest" name="successForCheckingAccount" time="0"/>
  <testcase classname="pt.ulisboa.tecnico.learnjava.bank.account.WithdrawMethodTest" name="failNegativeBalanceForSalaryAccount" time="0"/>
  <testcase classname="pt.ulisboa.tecnico.learnjava.bank.account.WithdrawMethodTest" name="negativeAmountForCheckingAccount" time="0"/>
  <testcase classname="pt.ulisboa.tecnico.learnjava.bank.account.WithdrawMethodTest" name="successNegativeBalanceForSalaryAccount" time="0"/>
</testsuite>